 INFO  Accepting connections at http://localhost:3000
 HTTP  3/16/2026 7:08:04 PM ::1 GET /
 HTTP  3/16/2026 7:08:04 PM ::1 GET /
 HTTP  3/16/2026 7:08:04 PM ::1 Returned 200 in 35 ms
 HTTP  3/16/2026 7:08:04 PM ::1 Returned 200 in 9 ms
 HTTP  3/16/2026 7:08:04 PM ::1 GET /_next/static/media/83afe278b6a6bb3c-s.p.3a6ba036.woff2
 HTTP  3/16/2026 7:08:04 PM ::1 GET /_next/static/chunks/396c15e4951ac2fa.css
 HTTP  3/16/2026 7:08:04 PM ::1 GET /_next/static/chunks/d1aa9aaa8ea83175.js
 HTTP  3/16/2026 7:08:04 PM ::1 GET /_next/static/chunks/806bdb8e4a6a9b95.js
 HTTP  3/16/2026 7:08:04 PM ::1 Returned 200 in 22 ms
 HTTP  3/16/2026 7:08:04 PM ::1 GET /_next/static/chunks/8b8c3a5b43ce7882.js
 HTTP  3/16/2026 7:08:04 PM ::1 Returned 200 in 28 ms
 HTTP  3/16/2026 7:08:04 PM ::1 GET /_next/static/chunks/396c15e4951ac2fa.css
 HTTP  3/16/2026 7:08:04 PM ::1 GET /_next/static/chunks/f2f58a7e93290fbb.js
 HTTP  3/16/2026 7:08:04 PM ::1 Returned 200 in 3 ms
 HTTP  3/16/2026 7:08:04 PM ::1 GET /_next/static/chunks/turbopack-c99c176b5519aa5f.js
 HTTP  3/16/2026 7:08:04 PM ::1 GET /_next/static/media/83afe278b6a6bb3c-s.p.3a6ba036.woff2
 HTTP  3/16/2026 7:08:04 PM ::1 Returned 200 in 23 ms
 HTTP  3/16/2026 7:08:04 PM ::1 GET /_next/static/chunks/d1aa9aaa8ea83175.js
 HTTP  3/16/2026 7:08:04 PM ::1 Returned 200 in 3 ms
 HTTP  3/16/2026 7:08:04 PM ::1 Returned 200 in 24 ms
 HTTP  3/16/2026 7:08:04 PM ::1 Returned 200 in 6 ms
 HTTP  3/16/2026 7:08:04 PM ::1 GET /_next/static/chunks/806bdb8e4a6a9b95.js
 HTTP  3/16/2026 7:08:04 PM ::1 Returned 200 in 20 ms
 HTTP  3/16/2026 7:08:04 PM ::1 Returned 200 in 3 ms
 HTTP  3/16/2026 7:08:04 PM ::1 GET /_next/static/chunks/171382fb74ab4697.js
 HTTP  3/16/2026 7:08:04 PM ::1 GET /_next/static/chunks/8b8c3a5b43ce7882.js
 HTTP  3/16/2026 7:08:04 PM ::1 GET /_next/static/chunks/f2f58a7e93290fbb.js
 HTTP  3/16/2026 7:08:04 PM ::1 Returned 200 in 6 ms
 HTTP  3/16/2026 7:08:04 PM ::1 Returned 200 in 20 ms
 HTTP  3/16/2026 7:08:04 PM ::1 GET /_next/static/chunks/080f8142b261400c.js
 HTTP  3/16/2026 7:08:04 PM ::1 GET /_next/static/chunks/turbopack-c99c176b5519aa5f.js
 HTTP  3/16/2026 7:08:04 PM ::1 GET /_next/static/chunks/171382fb74ab4697.js
 HTTP  3/16/2026 7:08:04 PM ::1 Returned 200 in 27 ms
 HTTP  3/16/2026 7:08:04 PM ::1 Returned 200 in 5 ms
 HTTP  3/16/2026 7:08:04 PM ::1 GET /_next/static/chunks/ff1a16fafef87110.js
 HTTP  3/16/2026 7:08:04 PM ::1 Returned 200 in 15 ms
 HTTP  3/16/2026 7:08:04 PM ::1 GET /_next/static/chunks/080f8142b261400c.js
 HTTP  3/16/2026 7:08:04 PM ::1 GET /_next/static/chunks/ff1a16fafef87110.js
 HTTP  3/16/2026 7:08:04 PM ::1 Returned 200 in 13 ms
 HTTP  3/16/2026 7:08:04 PM ::1 GET /_next/static/chunks/d2be314c3ece3fbe.js
 HTTP  3/16/2026 7:08:04 PM ::1 Returned 200 in 11 ms
 HTTP  3/16/2026 7:08:04 PM ::1 Returned 200 in 23 ms
 HTTP  3/16/2026 7:08:04 PM ::1 GET /_next/static/chunks/a580249d1109c6ab.js
 HTTP  3/16/2026 7:08:04 PM ::1 GET /_next/static/chunks/d2be314c3ece3fbe.js
 HTTP  3/16/2026 7:08:04 PM ::1 Returned 200 in 13 ms
 HTTP  3/16/2026 7:08:04 PM ::1 GET /_next/static/chunks/a580249d1109c6ab.js
 HTTP  3/16/2026 7:08:04 PM ::1 Returned 200 in 11 ms
 HTTP  3/16/2026 7:08:04 PM ::1 Returned 200 in 7 ms
 HTTP  3/16/2026 7:08:04 PM ::1 Returned 200 in 10 ms
 HTTP  3/16/2026 7:08:04 PM ::1 Returned 200 in 15 ms
 HTTP  3/16/2026 7:08:04 PM ::1 Returned 200 in 49 ms
 HTTP  3/16/2026 7:08:04 PM ::1 Returned 200 in 44 ms
 HTTP  3/16/2026 7:08:14 PM ::1 GET /
 HTTP  3/16/2026 7:08:14 PM ::1 Returned 200 in 3 ms
 HTTP  3/16/2026 7:08:14 PM ::1 GET /_next/static/chunks/396c15e4951ac2fa.css
 HTTP  3/16/2026 7:08:14 PM ::1 Returned 304 in 1 ms
 HTTP  3/16/2026 7:08:14 PM ::1 GET /_next/static/chunks/806bdb8e4a6a9b95.js
 HTTP  3/16/2026 7:08:14 PM ::1 GET /_next/static/chunks/8b8c3a5b43ce7882.js
 HTTP  3/16/2026 7:08:14 PM ::1 GET /_next/static/chunks/f2f58a7e93290fbb.js
 HTTP  3/16/2026 7:08:14 PM ::1 GET /_next/static/chunks/turbopack-c99c176b5519aa5f.js
 HTTP  3/16/2026 7:08:14 PM ::1 GET /_next/static/chunks/171382fb74ab4697.js
 HTTP  3/16/2026 7:08:14 PM ::1 GET /_next/static/chunks/080f8142b261400c.js
 HTTP  3/16/2026 7:08:14 PM ::1 Returned 304 in 14 ms
 HTTP  3/16/2026 7:08:14 PM ::1 Returned 304 in 10 ms
 HTTP  3/16/2026 7:08:14 PM ::1 Returned 304 in 9 ms
 HTTP  3/16/2026 7:08:14 PM ::1 Returned 304 in 9 ms
 HTTP  3/16/2026 7:08:14 PM ::1 Returned 304 in 9 ms
 HTTP  3/16/2026 7:08:14 PM ::1 Returned 304 in 8 ms
 HTTP  3/16/2026 7:08:14 PM ::1 GET /_next/static/chunks/ff1a16fafef87110.js
 HTTP  3/16/2026 7:08:14 PM ::1 GET /_next/static/chunks/d2be314c3ece3fbe.js
 HTTP  3/16/2026 7:08:14 PM ::1 Returned 304 in 3 ms
 HTTP  3/16/2026 7:08:14 PM ::1 Returned 304 in 6 ms
 HTTP  3/16/2026 7:08:14 PM ::1 GET /_next/static/chunks/a580249d1109c6ab.js
 HTTP  3/16/2026 7:08:14 PM ::1 Returned 304 in 1 ms
 HTTP  3/16/2026 7:08:16 PM ::1 GET /
 HTTP  3/16/2026 7:08:16 PM ::1 Returned 200 in 1 ms
 HTTP  3/16/2026 7:08:16 PM ::1 GET /_next/static/chunks/396c15e4951ac2fa.css
 HTTP  3/16/2026 7:08:16 PM ::1 Returned 200 in 1 ms
 HTTP  3/16/2026 7:08:16 PM ::1 GET /_next/static/media/83afe278b6a6bb3c-s.p.3a6ba036.woff2
 HTTP  3/16/2026 7:08:16 PM ::1 Returned 200 in 4 ms
 HTTP  3/16/2026 7:08:16 PM ::1 GET /_next/static/chunks/806bdb8e4a6a9b95.js
 HTTP  3/16/2026 7:08:16 PM ::1 GET /_next/static/chunks/d1aa9aaa8ea83175.js
 HTTP  3/16/2026 7:08:16 PM ::1 Returned 200 in 1 ms
 HTTP  3/16/2026 7:08:16 PM ::1 Returned 200 in 1 ms
 HTTP  3/16/2026 7:08:16 PM ::1 GET /_next/static/chunks/8b8c3a5b43ce7882.js
 HTTP  3/16/2026 7:08:16 PM ::1 GET /_next/static/chunks/turbopack-c99c176b5519aa5f.js
 HTTP  3/16/2026 7:08:16 PM ::1 Returned 200 in 4 ms
 HTTP  3/16/2026 7:08:16 PM ::1 GET /_next/static/chunks/f2f58a7e93290fbb.js
 HTTP  3/16/2026 7:08:16 PM ::1 Returned 200 in 2 ms
 HTTP  3/16/2026 7:08:16 PM ::1 Returned 200 in 1 ms
 HTTP  3/16/2026 7:08:16 PM ::1 GET /_next/static/chunks/171382fb74ab4697.js
 HTTP  3/16/2026 7:08:16 PM ::1 Returned 200 in 3 ms
 HTTP  3/16/2026 7:08:16 PM ::1 GET /_next/static/chunks/080f8142b261400c.js
 HTTP  3/16/2026 7:08:16 PM ::1 GET /_next/static/chunks/ff1a16fafef87110.js
 HTTP  3/16/2026 7:08:16 PM ::1 Returned 200 in 2 ms
 HTTP  3/16/2026 7:08:16 PM ::1 Returned 200 in 2 ms
 HTTP  3/16/2026 7:08:16 PM ::1 GET /_next/static/chunks/d2be314c3ece3fbe.js
 HTTP  3/16/2026 7:08:16 PM ::1 GET /_next/static/chunks/a580249d1109c6ab.js
 HTTP  3/16/2026 7:08:16 PM ::1 Returned 200 in 2 ms
 HTTP  3/16/2026 7:08:16 PM ::1 Returned 200 in 2 ms

 INFO  Gracefully shutting down. Please wait...
